<?xml version="1.0" encoding="UTF-8"?>
<!-- Generated by org.testng.reporters.JUnitReportReporter -->
<testsuite hostname="DESKTOP-QMJ8CN1" failures="0" tests="2" name="testju.verifyorangehrm" time="10.345" errors="0" timestamp="2022-05-25T15:01:11 IST" skipped="0">
  <testcase classname="testju.verifyorangehrm" name="OpenBrowser" time="10.322"/>
  <system-out/>
  <testcase classname="testju.verifyorangehrm" name="ValidateLoginpage" time="0.023"/>
  <system-out/>
</testsuite> <!-- testju.verifyorangehrm -->
