<?xml version="1.0" encoding="UTF-8"?>
<!-- Generated by org.testng.reporters.JUnitReportReporter -->
<testsuite hostname="DESKTOP-QMJ8CN1" failures="0" tests="1" name="seleniumauto.Beginbrowser" time="6.226" errors="0" timestamp="2022-06-24T12:47:48 IST" skipped="0">
  <testcase classname="seleniumauto.Beginbrowser" name="dataTesting" time="6.226"/>
  <system-out/>
</testsuite> <!-- seleniumauto.Beginbrowser -->
