<?xml version="1.0" encoding="UTF-8"?>
<!-- Generated by org.testng.reporters.JUnitReportReporter -->
<testsuite hostname="DESKTOP-QMJ8CN1" failures="0" tests="1" name="com.sgtesting.tests.TestScriptsDemo" time="24.818" errors="0" timestamp="2022-06-20T22:01:45 IST" skipped="0">
  <testcase classname="com.sgtesting.tests.TestScriptsDemo" name="login" time="24.818"/>
  <system-out/>
</testsuite> <!-- com.sgtesting.tests.TestScriptsDemo -->
