<?xml version="1.0" encoding="UTF-8"?>
<!-- Generated by org.testng.reporters.JUnitReportReporter -->
<testsuite hostname="DESKTOP-QMJ8CN1" failures="0" tests="2" name="seleniumauto.Allconditions" time="0.014" errors="0" timestamp="2022-05-24T12:10:08 IST" skipped="0">
  <testcase classname="seleniumauto.Allconditions" name="searchitem" time="0.002"/>
  <system-out/>
  <testcase classname="seleniumauto.Allconditions" name="login" time="0.012"/>
  <system-out/>
</testsuite> <!-- seleniumauto.Allconditions -->
