<?xml version="1.0" encoding="UTF-8"?>
<!-- Generated by org.testng.reporters.JUnitReportReporter -->
<testsuite hostname="DESKTOP-QMJ8CN1" failures="0" tests="2" name="seleniumauto.checkit" time="9.265" errors="0" timestamp="2022-05-24T16:52:02 IST" skipped="0">
  <testcase classname="seleniumauto.checkit" name="matching" time="0.021"/>
  <system-out/>
  <testcase classname="seleniumauto.checkit" name="verifytitle" time="9.244"/>
  <system-out/>
</testsuite> <!-- seleniumauto.checkit -->
