<?xml version="1.0" encoding="UTF-8"?>
<!-- Generated by org.testng.reporters.JUnitReportReporter -->
<testsuite hostname="DESKTOP-QMJ8CN1" failures="0" tests="3" name="seleniumauto.fisttestng" time="9.441" errors="0" timestamp="2022-05-23T20:05:11 IST" skipped="0">
  <testcase classname="seleniumauto.fisttestng" name="verifyTitle" time="9.436"/>
  <system-out/>
  <testcase classname="seleniumauto.fisttestng" name="compare" time="0.003"/>
  <system-out/>
  <testcase classname="seleniumauto.fisttestng" name="aatchit" time="0.002"/>
  <system-out/>
</testsuite> <!-- seleniumauto.fisttestng -->
