<?xml version="1.0" encoding="UTF-8"?>
<!-- Generated by org.testng.reporters.JUnitReportReporter -->
<testsuite hostname="DESKTOP-QMJ8CN1" failures="0" tests="2" name="seleniumauto.NewTest" time="13.383" errors="0" timestamp="2022-05-24T16:52:02 IST" skipped="0">
  <testcase classname="seleniumauto.NewTest" name="comparison" time="0.021"/>
  <system-out/>
  <testcase classname="seleniumauto.NewTest" name="verifyit" time="13.362"/>
  <system-out/>
</testsuite> <!-- seleniumauto.NewTest -->
