<?xml version="1.0" encoding="UTF-8"?>
<!-- Generated by org.testng.reporters.JUnitReportReporter -->
<testsuite hostname="DESKTOP-QMJ8CN1" failures="0" tests="1" name="com.sgtesting.happypath.Users" time="0.017" errors="0" timestamp="2022-06-17T20:04:23 IST" skipped="0">
  <testcase classname="com.sgtesting.happypath.Users" name="m1" time="0.017"/>
  <system-out/>
</testsuite> <!-- com.sgtesting.happypath.Users -->
