<?xml version="1.0" encoding="UTF-8"?>
<!-- Generated by org.testng.reporters.JUnitReportReporter -->
<testsuite hostname="DESKTOP-QMJ8CN1" failures="0" tests="4" name="com.sgtesting.happypath.CreateCompanyScenario" time="7.978" errors="0" timestamp="2022-06-18T22:08:13 IST" skipped="0">
  <testcase classname="com.sgtesting.happypath.CreateCompanyScenario" name="companyCreation" time="1.239"/>
  <system-out/>
  <testcase classname="com.sgtesting.happypath.CreateCompanyScenario" name="companyCreation" time="1.187"/>
  <system-out/>
  <testcase classname="com.sgtesting.happypath.CreateCompanyScenario" name="companyCreation" time="4.311"/>
  <system-out/>
  <testcase classname="com.sgtesting.happypath.CreateCompanyScenario" name="companyCreation" time="1.241"/>
  <system-out/>
</testsuite> <!-- com.sgtesting.happypath.CreateCompanyScenario -->
