<?xml version="1.0" encoding="UTF-8"?>
<!-- Generated by org.testng.reporters.JUnitReportReporter -->
<testsuite hostname="DESKTOP-QMJ8CN1" failures="0" tests="1" name="com.sgtesting.happypath.PostMethod" time="4.838" errors="0" timestamp="2022-06-24T12:04:30 IST" skipped="0">
  <testcase classname="com.sgtesting.happypath.PostMethod" name="postMethod" time="4.838"/>
  <system-out/>
</testsuite> <!-- com.sgtesting.happypath.PostMethod -->
